  menu.cpp
menu.obj : error LNK2019: ссылка на неразрешенный внешний символ "__declspec(dllimport) public: __thiscall sf::String::String(char const *,class std::locale const &)" (__imp_??0String@sf@@QAE@PBDABVlocale@std@@@Z) в функции "void __cdecl First(class sf::RenderWindow &)" (?First@@YAXAAVRenderWindow@sf@@@Z)
menu.obj : error LNK2019: ссылка на неразрешенный внешний символ "__declspec(dllimport) public: __thiscall sf::String::~String(void)" (__imp_??1String@sf@@QAE@XZ) в функции "void __cdecl First(class sf::RenderWindow &)" (?First@@YAXAAVRenderWindow@sf@@@Z)
menu.obj : error LNK2019: ссылка на неразрешенный внешний символ "__declspec(dllimport) public: static class sf::Vector2<int> __cdecl sf::Mouse::getPosition(class sf::Window const &)" (__imp_?getPosition@Mouse@sf@@SA?AV?$Vector2@H@2@ABVWindow@2@@Z) в функции "void __cdecl First(class sf::RenderWindow &)" (?First@@YAXAAVRenderWindow@sf@@@Z)
menu.obj : error LNK2019: ссылка на неразрешенный внешний символ "__declspec(dllimport) public: __thiscall sf::VideoMode::VideoMode(unsigned int,unsigned int,unsigned int)" (__imp_??0VideoMode@sf@@QAE@III@Z) в функции _main
menu.obj : error LNK2019: ссылка на неразрешенный внешний символ "__declspec(dllimport) public: void __thiscall sf::Window::close(void)" (__imp_?close@Window@sf@@QAEXXZ) в функции "void __cdecl First(class sf::RenderWindow &)" (?First@@YAXAAVRenderWindow@sf@@@Z)
menu.obj : error LNK2019: ссылка на неразрешенный внешний символ "__declspec(dllimport) public: bool __thiscall sf::Window::isOpen(void)const " (__imp_?isOpen@Window@sf@@QBE_NXZ) в функции _main
menu.obj : error LNK2019: ссылка на неразрешенный внешний символ "__declspec(dllimport) public: bool __thiscall sf::Window::pollEvent(class sf::Event &)" (__imp_?pollEvent@Window@sf@@QAE_NAAVEvent@2@@Z) в функции "void __cdecl First(class sf::RenderWindow &)" (?First@@YAXAAVRenderWindow@sf@@@Z)
menu.obj : error LNK2019: ссылка на неразрешенный внешний символ "__declspec(dllimport) public: void __thiscall sf::Window::setTitle(class sf::String const &)" (__imp_?setTitle@Window@sf@@QAEXABVString@2@@Z) в функции "void __cdecl First(class sf::RenderWindow &)" (?First@@YAXAAVRenderWindow@sf@@@Z)
menu.obj : error LNK2019: ссылка на неразрешенный внешний символ "__declspec(dllimport) public: void __thiscall sf::Window::setVerticalSyncEnabled(bool)" (__imp_?setVerticalSyncEnabled@Window@sf@@QAEX_N@Z) в функции _main
menu.obj : error LNK2019: ссылка на неразрешенный внешний символ "__declspec(dllimport) public: void __thiscall sf::Window::display(void)" (__imp_?display@Window@sf@@QAEXXZ) в функции "void __cdecl First(class sf::RenderWindow &)" (?First@@YAXAAVRenderWindow@sf@@@Z)
menu.obj : error LNK2019: ссылка на неразрешенный внешний символ "__declspec(dllimport) public: void __thiscall sf::Transformable::setPosition(float,float)" (__imp_?setPosition@Transformable@sf@@QAEXMM@Z) в функции "void __cdecl First(class sf::RenderWindow &)" (?First@@YAXAAVRenderWindow@sf@@@Z)
menu.obj : error LNK2019: ссылка на неразрешенный внешний символ "__declspec(dllimport) public: __thiscall sf::Color::Color(unsigned char,unsigned char,unsigned char,unsigned char)" (__imp_??0Color@sf@@QAE@EEEE@Z) в функции "void __cdecl First(class sf::RenderWindow &)" (?First@@YAXAAVRenderWindow@sf@@@Z)
menu.obj : error LNK2019: ссылка на неразрешенный внешний символ "__declspec(dllimport) public: __thiscall sf::Image::Image(void)" (__imp_??0Image@sf@@QAE@XZ) в функции "void __cdecl First(class sf::RenderWindow &)" (?First@@YAXAAVRenderWindow@sf@@@Z)
menu.obj : error LNK2019: ссылка на неразрешенный внешний символ "__declspec(dllimport) public: __thiscall sf::Image::~Image(void)" (__imp_??1Image@sf@@QAE@XZ) в функции "void __cdecl First(class sf::RenderWindow &)" (?First@@YAXAAVRenderWindow@sf@@@Z)
menu.obj : error LNK2019: ссылка на неразрешенный внешний символ "__declspec(dllimport) public: bool __thiscall sf::Image::loadFromFile(class std::basic_string<char,struct std::char_traits<char>,class std::allocator<char> > const &)" (__imp_?loadFromFile@Image@sf@@QAE_NABV?$basic_string@DU?$char_traits@D@std@@V?$allocator@D@2@@std@@@Z) в функции "void __cdecl First(class sf::RenderWindow &)" (?First@@YAXAAVRenderWindow@sf@@@Z)
menu.obj : error LNK2019: ссылка на неразрешенный внешний символ "__declspec(dllimport) public: __thiscall sf::Texture::Texture(void)" (__imp_??0Texture@sf@@QAE@XZ) в функции "void __cdecl First(class sf::RenderWindow &)" (?First@@YAXAAVRenderWindow@sf@@@Z)
menu.obj : error LNK2019: ссылка на неразрешенный внешний символ "__declspec(dllimport) public: __thiscall sf::Texture::~Texture(void)" (__imp_??1Texture@sf@@QAE@XZ) в функции "void __cdecl First(class sf::RenderWindow &)" (?First@@YAXAAVRenderWindow@sf@@@Z)
menu.obj : error LNK2019: ссылка на неразрешенный внешний символ "__declspec(dllimport) public: bool __thiscall sf::Texture::loadFromFile(class std::basic_string<char,struct std::char_traits<char>,class std::allocator<char> > const &,class sf::Rect<int> const &)" (__imp_?loadFromFile@Texture@sf@@QAE_NABV?$basic_string@DU?$char_traits@D@std@@V?$allocator@D@2@@std@@ABV?$Rect@H@2@@Z) в функции "void __cdecl First(class sf::RenderWindow &)" (?First@@YAXAAVRenderWindow@sf@@@Z)
menu.obj : error LNK2019: ссылка на неразрешенный внешний символ "__declspec(dllimport) public: bool __thiscall sf::Texture::loadFromImage(class sf::Image const &,class sf::Rect<int> const &)" (__imp_?loadFromImage@Texture@sf@@QAE_NABVImage@2@ABV?$Rect@H@2@@Z) в функции "void __cdecl First(class sf::RenderWindow &)" (?First@@YAXAAVRenderWindow@sf@@@Z)
menu.obj : error LNK2019: ссылка на неразрешенный внешний символ "__declspec(dllimport) public: __thiscall sf::Font::Font(void)" (__imp_??0Font@sf@@QAE@XZ) в функции "void __cdecl First(class sf::RenderWindow &)" (?First@@YAXAAVRenderWindow@sf@@@Z)
menu.obj : error LNK2019: ссылка на неразрешенный внешний символ "__declspec(dllimport) public: __thiscall sf::Font::~Font(void)" (__imp_??1Font@sf@@QAE@XZ) в функции "void __cdecl First(class sf::RenderWindow &)" (?First@@YAXAAVRenderWindow@sf@@@Z)
menu.obj : error LNK2019: ссылка на неразрешенный внешний символ "__declspec(dllimport) public: bool __thiscall sf::Font::loadFromFile(class std::basic_string<char,struct std::char_traits<char>,class std::allocator<char> > const &)" (__imp_?loadFromFile@Font@sf@@QAE_NABV?$basic_string@DU?$char_traits@D@std@@V?$allocator@D@2@@std@@@Z) в функции "void __cdecl First(class sf::RenderWindow &)" (?First@@YAXAAVRenderWindow@sf@@@Z)
menu.obj : error LNK2019: ссылка на неразрешенный внешний символ "__declspec(dllimport) public: void __thiscall sf::RenderTarget::clear(class sf::Color const &)" (__imp_?clear@RenderTarget@sf@@QAEXABVColor@2@@Z) в функции "void __cdecl First(class sf::RenderWindow &)" (?First@@YAXAAVRenderWindow@sf@@@Z)
menu.obj : error LNK2019: ссылка на неразрешенный внешний символ "__declspec(dllimport) public: void __thiscall sf::RenderTarget::draw(class sf::Drawable const &,class sf::RenderStates const &)" (__imp_?draw@RenderTarget@sf@@QAEXABVDrawable@2@ABVRenderStates@2@@Z) в функции "void __cdecl First(class sf::RenderWindow &)" (?First@@YAXAAVRenderWindow@sf@@@Z)
menu.obj : error LNK2019: ссылка на неразрешенный внешний символ "__declspec(dllimport) public: __thiscall sf::RenderWindow::RenderWindow(class sf::VideoMode,class sf::String const &,unsigned int,struct sf::ContextSettings const &)" (__imp_??0RenderWindow@sf@@QAE@VVideoMode@1@ABVString@1@IABUContextSettings@1@@Z) в функции _main
menu.obj : error LNK2019: ссылка на неразрешенный внешний символ "__declspec(dllimport) public: virtual __thiscall sf::RenderWindow::~RenderWindow(void)" (__imp_??1RenderWindow@sf@@UAE@XZ) в функции _main
menu.obj : error LNK2019: ссылка на неразрешенный внешний символ "__declspec(dllimport) public: __thiscall sf::Sprite::Sprite(void)" (__imp_??0Sprite@sf@@QAE@XZ) в функции "void __cdecl First(class sf::RenderWindow &)" (?First@@YAXAAVRenderWindow@sf@@@Z)
menu.obj : error LNK2019: ссылка на неразрешенный внешний символ "__declspec(dllimport) public: __thiscall sf::Sprite::Sprite(class sf::Texture const &)" (__imp_??0Sprite@sf@@QAE@ABVTexture@1@@Z) в функции "void __cdecl First(class sf::RenderWindow &)" (?First@@YAXAAVRenderWindow@sf@@@Z)
menu.obj : error LNK2019: ссылка на неразрешенный внешний символ "__declspec(dllimport) public: void __thiscall sf::Sprite::setTexture(class sf::Texture const &,bool)" (__imp_?setTexture@Sprite@sf@@QAEXABVTexture@2@_N@Z) в функции "void __cdecl First(class sf::RenderWindow &)" (?First@@YAXAAVRenderWindow@sf@@@Z)
menu.obj : error LNK2019: ссылка на неразрешенный внешний символ "__declspec(dllimport) public: void __thiscall sf::Sprite::setColor(class sf::Color const &)" (__imp_?setColor@Sprite@sf@@QAEXABVColor@2@@Z) в функции "void __cdecl menu(class sf::RenderWindow &)" (?menu@@YAXAAVRenderWindow@sf@@@Z)
menu.obj : error LNK2019: ссылка на неразрешенный внешний символ "__declspec(dllimport) public: virtual __thiscall sf::Sprite::~Sprite(void)" (__imp_??1Sprite@sf@@UAE@XZ) в функции "void __cdecl First(class sf::RenderWindow &)" (?First@@YAXAAVRenderWindow@sf@@@Z)
menu.obj : error LNK2019: ссылка на неразрешенный внешний символ "__declspec(dllimport) public: __thiscall sf::Text::Text(class sf::String const &,class sf::Font const &,unsigned int)" (__imp_??0Text@sf@@QAE@ABVString@1@ABVFont@1@I@Z) в функции "void __cdecl First(class sf::RenderWindow &)" (?First@@YAXAAVRenderWindow@sf@@@Z)
menu.obj : error LNK2019: ссылка на неразрешенный внешний символ "__declspec(dllimport) public: void __thiscall sf::Text::setString(class sf::String const &)" (__imp_?setString@Text@sf@@QAEXABVString@2@@Z) в функции "void __cdecl First(class sf::RenderWindow &)" (?First@@YAXAAVRenderWindow@sf@@@Z)
menu.obj : error LNK2019: ссылка на неразрешенный внешний символ "__declspec(dllimport) public: void __thiscall sf::Text::setStyle(unsigned int)" (__imp_?setStyle@Text@sf@@QAEXI@Z) в функции "void __cdecl First(class sf::RenderWindow &)" (?First@@YAXAAVRenderWindow@sf@@@Z)
menu.obj : error LNK2019: ссылка на неразрешенный внешний символ "__declspec(dllimport) public: virtual __thiscall sf::Text::~Text(void)" (__imp_??1Text@sf@@UAE@XZ) в функции "void __cdecl First(class sf::RenderWindow &)" (?First@@YAXAAVRenderWindow@sf@@@Z)
menu.obj : error LNK2001: неразрешенный внешний символ ""__declspec(dllimport) public: static class sf::RenderStates const sf::RenderStates::Default" (__imp_?Default@RenderStates@sf@@2V12@B)"
menu.obj : error LNK2001: неразрешенный внешний символ ""__declspec(dllimport) public: static class sf::Color const sf::Color::White" (__imp_?White@Color@sf@@2V12@B)"
C:\Users\Zver\Desktop\project\EnglishWord\Debug\EnglishWord.exe : fatal error LNK1120: неразрешенных внешних элементов: 37
