  menu.cpp
C:\EnglishWords\EnglishWord\TextBox.h(45,53): warning C4244: аргумент: преобразование "int" в "T", возможна потеря данных
          with
          [
              T=float
          ]
C:\EnglishWords\EnglishWord\TextBox.h(45,35): warning C4244: аргумент: преобразование "int" в "T", возможна потеря данных
          with
          [
              T=float
          ]
C:\EnglishWords\EnglishWord\TextBox.h(84,99): warning C4244: аргумент: преобразование "unsigned int" в "T", возможна потеря данных
          with
          [
              T=float
          ]
C:\EnglishWords\EnglishWord\TextBox.h(84,70): warning C4244: аргумент: преобразование "unsigned int" в "T", возможна потеря данных
          with
          [
              T=float
          ]
C:\EnglishWords\EnglishWord\TextBox.h(116,99): warning C4244: аргумент: преобразование "unsigned int" в "T", возможна потеря данных
          with
          [
              T=float
          ]
C:\EnglishWords\EnglishWord\TextBox.h(116,70): warning C4244: аргумент: преобразование "unsigned int" в "T", возможна потеря данных
          with
          [
              T=float
          ]
C:\EnglishWords\EnglishWord\Test.h(70,31): warning C4244: аргумент: преобразование "int" в "float", возможна потеря данных
C:\EnglishWords\EnglishWord\Test.h(73,45): warning C4244: аргумент: преобразование "int" в "T", возможна потеря данных
          with
          [
              T=float
          ]
  EnglishWord.vcxproj -> C:\EnglishWords\x64\Debug\EnglishWord.exe
